This is XeTeX, Version 3.14159265-2.6-0.99996 (TeX Live 2016/Arch Linux) (preloaded format=xelatex 2016.12.17)  20 DEC 2016 22:15
entering extended mode
 restricted \write18 enabled.
 %&-line parsing enabled.
**sujet-projet.
(/usr/share/texmf-dist/tex/latex/tools/q.tex
LaTeX2e <2016/03/31> patch level 3
Babel <3.9r> and hyphenation patterns for 83 language(s) loaded.
File ignored
)
! Emergency stop.
<*> sujet-projet.
                 
*** (job aborted, no legal \end found)

 
Here is how much of TeX's memory you used:
 7 strings out of 493589
 143 string characters out of 6148799
 53785 words of memory out of 5000000
 3515 multiletter control sequences out of 15000+600000
 3640 words of font info for 14 fonts, out of 8000000 for 9000
 1347 hyphenation exceptions out of 8191
 5i,0n,1p,93b,8s stack positions out of 5000i,500n,10000p,200000b,80000s
No pages of output.
